#! c:/iverilog-x64/bin/vvp
:ivl_version "10.1 (stable)" "(v10_1_1)";
:ivl_delay_selection "TYPICAL";
:vpi_time_precision - 10;
:vpi_module "system";
:vpi_module "vhdl_sys";
:vpi_module "v2005_math";
:vpi_module "va_math";
S_000000000070ac30 .scope module, "tb" "tb" 2 5;
 .timescale -9 -10;
v00000000007bdb90_0 .var "clk", 0 0;
v00000000007bdc30_0 .var "rst", 0 0;
v00000000007bdcd0_0 .net "value", 3 0, v000000000070adb0_0;  1 drivers
S_00000000007bda10 .scope module, "dut" "counter" 2 25, 3 38 0, S_000000000070ac30;
 .timescale -9 -10;
    .port_info 0 /INPUT 1 "clk"
    .port_info 1 /INPUT 1 "rst"
    .port_info 2 /OUTPUT 4 "q"
v000000000070a9f0_0 .net "clk", 0 0, v00000000007bdb90_0;  1 drivers
v000000000070adb0_0 .var "q", 3 0;
v000000000070ae50_0 .net "rst", 0 0, v00000000007bdc30_0;  1 drivers
E_00000000007bc3c0 .event posedge, v000000000070a9f0_0;
    .scope S_00000000007bda10;
T_0 ;
    %wait E_00000000007bc3c0;
    %load/vec4 v000000000070ae50_0;
    %flag_set/vec4 8;
    %jmp/0xz  T_0.0, 8;
    %pushi/vec4 0, 0, 4;
    %assign/vec4 v000000000070adb0_0, 0;
    %jmp T_0.1;
T_0.0 ;
    %load/vec4 v000000000070adb0_0;
    %addi 1, 0, 4;
    %assign/vec4 v000000000070adb0_0, 0;
T_0.1 ;
    %jmp T_0;
    .thread T_0;
    .scope S_000000000070ac30;
T_1 ;
    %pushi/vec4 0, 0, 1;
    %assign/vec4 v00000000007bdb90_0, 0;
T_1.0 ;
    %delay 100, 0;
    %load/vec4 v00000000007bdb90_0;
    %inv;
    %assign/vec4 v00000000007bdb90_0, 0;
    %jmp T_1.0;
    %end;
    .thread T_1;
    .scope S_000000000070ac30;
T_2 ;
    %pushi/vec4 1, 0, 1;
    %assign/vec4 v00000000007bdc30_0, 0;
    %pushi/vec4 3, 0, 32;
T_2.0 %dup/vec4;
    %pushi/vec4 0, 0, 32;
    %cmp/s;
    %jmp/1xz T_2.1, 5;
    %jmp/1 T_2.1, 4;
    %pushi/vec4 1, 0, 32;
    %sub;
    %wait E_00000000007bc3c0;
    %jmp T_2.0;
T_2.1 ;
    %pop/vec4 1;
    %pushi/vec4 0, 0, 1;
    %assign/vec4 v00000000007bdc30_0, 0;
    %end;
    .thread T_2;
    .scope S_000000000070ac30;
T_3 ;
    %pushi/vec4 50, 0, 32;
T_3.0 %dup/vec4;
    %pushi/vec4 0, 0, 32;
    %cmp/s;
    %jmp/1xz T_3.1, 5;
    %jmp/1 T_3.1, 4;
    %pushi/vec4 1, 0, 32;
    %sub;
    %wait E_00000000007bc3c0;
    %jmp T_3.0;
T_3.1 ;
    %pop/vec4 1;
    %vpi_call 2 30 "$finish" {0 0 0};
    %end;
    .thread T_3;
    .scope S_000000000070ac30;
T_4 ;
    %vpi_call 2 36 "$monitor", "%0d clk %b rst %b q %b %d", $time, v00000000007bdb90_0, v00000000007bdc30_0, v00000000007bdcd0_0, v00000000007bdcd0_0 {0 0 0};
    %end;
    .thread T_4;
    .scope S_000000000070ac30;
T_5 ;
    %vpi_call 2 40 "$dumpvars" {0 0 0};
    %end;
    .thread T_5;
# The file index is used to find the file name in the following table.
:file_names 4;
    "N/A";
    "<interactive>";
    "..\tb.v";
    "..\top.v";
